2022-03-26 13:24:07.724  INFO 8472 --- [restartedMain] b.c.a.c.CadpessoasAlexsApplication       : Starting CadpessoasAlexsApplication using Java 11.0.14.1 on FKA with PID 8472 (C:\Users\rodri\Documents\pweb_2021.2_AlexsandroRochaJunior\u1_exercicio3\cadpessoas_alexs\target\classes started by rodri in C:\Users\rodri\Documents\pweb_2021.2_AlexsandroRochaJunior)
2022-03-26 13:24:07.727  INFO 8472 --- [restartedMain] b.c.a.c.CadpessoasAlexsApplication       : No active profile set, falling back to 1 default profile: "default"
2022-03-26 13:24:07.819  INFO 8472 --- [restartedMain] .e.DevToolsPropertyDefaultsPostProcessor : Devtools property defaults active! Set 'spring.devtools.add-properties' to 'false' to disable
2022-03-26 13:24:07.821  INFO 8472 --- [restartedMain] .e.DevToolsPropertyDefaultsPostProcessor : For additional web related logging consider setting the 'logging.level.web' property to 'DEBUG'
2022-03-26 13:24:08.982  INFO 8472 --- [restartedMain] .s.d.r.c.RepositoryConfigurationDelegate : Bootstrapping Spring Data JPA repositories in DEFAULT mode.
2022-03-26 13:24:09.015  INFO 8472 --- [restartedMain] .s.d.r.c.RepositoryConfigurationDelegate : Finished Spring Data repository scanning in 10 ms. Found 0 JPA repository interfaces.
2022-03-26 13:24:10.377  INFO 8472 --- [restartedMain] o.s.b.w.embedded.tomcat.TomcatWebServer  : Tomcat initialized with port(s): 8080 (http)
2022-03-26 13:24:10.404  INFO 8472 --- [restartedMain] o.apache.catalina.core.StandardService   : Starting service [Tomcat]
2022-03-26 13:24:10.406  INFO 8472 --- [restartedMain] org.apache.catalina.core.StandardEngine  : Starting Servlet engine: [Apache Tomcat/9.0.60]
2022-03-26 13:24:10.549  INFO 8472 --- [restartedMain] o.a.c.c.C.[Tomcat].[localhost].[/]       : Initializing Spring embedded WebApplicationContext
2022-03-26 13:24:10.552  INFO 8472 --- [restartedMain] w.s.c.ServletWebServerApplicationContext : Root WebApplicationContext: initialization completed in 2730 ms
2022-03-26 13:24:10.632  INFO 8472 --- [restartedMain] com.zaxxer.hikari.HikariDataSource       : HikariPool-1 - Starting...
2022-03-26 13:24:10.975  INFO 8472 --- [restartedMain] com.zaxxer.hikari.HikariDataSource       : HikariPool-1 - Start completed.
2022-03-26 13:24:10.995  INFO 8472 --- [restartedMain] o.s.b.a.h2.H2ConsoleAutoConfiguration    : H2 console available at '/h2-console'. Database available at 'jdbc:h2:mem:cadpessoas'
2022-03-26 13:24:12.297  INFO 8472 --- [restartedMain] j.LocalContainerEntityManagerFactoryBean : Initialized JPA EntityManagerFactory for persistence unit 'default'
2022-03-26 13:24:12.769  INFO 8472 --- [restartedMain] o.s.b.a.w.s.WelcomePageHandlerMapping    : Adding welcome page template: index
2022-03-26 13:24:13.054  INFO 8472 --- [restartedMain] o.s.b.d.a.OptionalLiveReloadServer       : LiveReload server is running on port 35729
2022-03-26 13:24:13.137  INFO 8472 --- [restartedMain] o.s.b.w.embedded.tomcat.TomcatWebServer  : Tomcat started on port(s): 8080 (http) with context path ''
2022-03-26 13:24:13.160  INFO 8472 --- [restartedMain] b.c.a.c.CadpessoasAlexsApplication       : Started CadpessoasAlexsApplication in 6.1 seconds (JVM running for 7.184)
2022-03-26 13:24:30.346  INFO 8472 --- [http-nio-8080-exec-2] o.a.c.c.C.[Tomcat].[localhost].[/]       : Initializing Spring DispatcherServlet 'dispatcherServlet'
2022-03-26 13:24:30.355  INFO 8472 --- [http-nio-8080-exec-2] o.s.web.servlet.DispatcherServlet        : Initializing Servlet 'dispatcherServlet'
2022-03-26 13:24:30.357  INFO 8472 --- [http-nio-8080-exec-2] o.s.web.servlet.DispatcherServlet        : Completed initialization in 1 ms
