2022-03-30 18:23:21.762  INFO 6672 --- [restartedMain] b.c.a.c.CadpessoasAlexsApplication       : Starting CadpessoasAlexsApplication using Java 1.8.0_322 on FKA with PID 6672 (C:\Users\rodri\Documents\pweb_2021.2_AlexsandroRochaJunior\u1_exercicio3\cadpessoas_alexs\target\classes started by rodri in C:\Users\rodri\Documents\pweb_2021.2_AlexsandroRochaJunior\u1_exercicio3\cadpessoas_alexs)
2022-03-30 18:23:21.768  INFO 6672 --- [restartedMain] b.c.a.c.CadpessoasAlexsApplication       : No active profile set, falling back to 1 default profile: "default"
2022-03-30 18:23:21.840  INFO 6672 --- [restartedMain] .e.DevToolsPropertyDefaultsPostProcessor : Devtools property defaults active! Set 'spring.devtools.add-properties' to 'false' to disable
2022-03-30 18:23:21.841  INFO 6672 --- [restartedMain] .e.DevToolsPropertyDefaultsPostProcessor : For additional web related logging consider setting the 'logging.level.web' property to 'DEBUG'
2022-03-30 18:23:23.304  INFO 6672 --- [restartedMain] .s.d.r.c.RepositoryConfigurationDelegate : Bootstrapping Spring Data JPA repositories in DEFAULT mode.
2022-03-30 18:23:23.392  INFO 6672 --- [restartedMain] .s.d.r.c.RepositoryConfigurationDelegate : Finished Spring Data repository scanning in 62 ms. Found 1 JPA repository interfaces.
2022-03-30 18:23:24.475  INFO 6672 --- [restartedMain] o.s.b.w.embedded.tomcat.TomcatWebServer  : Tomcat initialized with port(s): 8080 (http)
2022-03-30 18:23:24.522  INFO 6672 --- [restartedMain] o.apache.catalina.core.StandardService   : Starting service [Tomcat]
2022-03-30 18:23:24.523  INFO 6672 --- [restartedMain] org.apache.catalina.core.StandardEngine  : Starting Servlet engine: [Apache Tomcat/9.0.60]
2022-03-30 18:23:24.611  INFO 6672 --- [restartedMain] o.a.c.c.C.[Tomcat].[localhost].[/]       : Initializing Spring embedded WebApplicationContext
2022-03-30 18:23:24.611  INFO 6672 --- [restartedMain] w.s.c.ServletWebServerApplicationContext : Root WebApplicationContext: initialization completed in 2769 ms
2022-03-30 18:23:24.653  INFO 6672 --- [restartedMain] com.zaxxer.hikari.HikariDataSource       : HikariPool-1 - Starting...
2022-03-30 18:23:24.966  INFO 6672 --- [restartedMain] com.zaxxer.hikari.HikariDataSource       : HikariPool-1 - Start completed.
2022-03-30 18:23:24.982  INFO 6672 --- [restartedMain] o.s.b.a.h2.H2ConsoleAutoConfiguration    : H2 console available at '/h2-console'. Database available at 'jdbc:h2:mem:cadpessoas'
2022-03-30 18:23:27.174  INFO 6672 --- [restartedMain] j.LocalContainerEntityManagerFactoryBean : Initialized JPA EntityManagerFactory for persistence unit 'default'
2022-03-30 18:23:28.132  INFO 6672 --- [restartedMain] o.s.b.a.w.s.WelcomePageHandlerMapping    : Adding welcome page template: index
2022-03-30 18:23:28.441  INFO 6672 --- [restartedMain] o.s.b.d.a.OptionalLiveReloadServer       : LiveReload server is running on port 35729
2022-03-30 18:23:28.617  INFO 6672 --- [restartedMain] o.s.b.w.embedded.tomcat.TomcatWebServer  : Tomcat started on port(s): 8080 (http) with context path ''
2022-03-30 18:23:28.631  INFO 6672 --- [restartedMain] b.c.a.c.CadpessoasAlexsApplication       : Started CadpessoasAlexsApplication in 7.871 seconds (JVM running for 9.607)
2022-03-30 18:23:31.754  INFO 6672 --- [http-nio-8080-exec-4] o.a.c.c.C.[Tomcat].[localhost].[/]       : Initializing Spring DispatcherServlet 'dispatcherServlet'
2022-03-30 18:23:31.754  INFO 6672 --- [http-nio-8080-exec-4] o.s.web.servlet.DispatcherServlet        : Initializing Servlet 'dispatcherServlet'
2022-03-30 18:23:31.755  INFO 6672 --- [http-nio-8080-exec-4] o.s.web.servlet.DispatcherServlet        : Completed initialization in 1 ms
2022-03-30 18:23:49.893  INFO 6672 --- [RMI TCP Connection(2)-127.0.0.1] inMXBeanRegistrar$SpringApplicationAdmin : Application shutdown requested.
2022-03-30 18:23:49.955  INFO 6672 --- [RMI TCP Connection(2)-127.0.0.1] j.LocalContainerEntityManagerFactoryBean : Closing JPA EntityManagerFactory for persistence unit 'default'
2022-03-30 18:23:50.184  WARN 6672 --- [RMI TCP Connection(2)-127.0.0.1] o.s.b.f.support.DisposableBeanAdapter    : Invocation of destroy method failed on bean with name 'inMemoryDatabaseShutdownExecutor': org.h2.jdbc.JdbcSQLNonTransientConnectionException: Database is already closed (to disable automatic closing at VM shutdown, add ";DB_CLOSE_ON_EXIT=FALSE" to the db URL) [90121-200]
2022-03-30 18:23:50.185  INFO 6672 --- [RMI TCP Connection(2)-127.0.0.1] com.zaxxer.hikari.HikariDataSource       : HikariPool-1 - Shutdown initiated...
2022-03-30 18:23:50.187  INFO 6672 --- [RMI TCP Connection(2)-127.0.0.1] com.zaxxer.hikari.HikariDataSource       : HikariPool-1 - Shutdown completed.
